2026-01-13T22:16:04.810233300 | ALERT | Account=5E199830 | ALERT: Account balance is below minimum limit. Current Balance: 99.0
2026-01-13T22:16:04.819779200 | 5E199830 | TRANSFER_OUT | 101.0 | SUCCESS
2026-01-13T22:16:04.829395700 | 450A0723 | TRANSFER_IN | 101.0 | SUCCESS
2026-01-13T22:36:02.902692500 | ALERT | Account=BD9D5A9C | ALERT: Account balance is below minimum limit. Current Balance: 99.0
2026-01-13T22:36:02.919745100 | BD9D5A9C | TRANSFER_OUT | 101.0 | SUCCESS
2026-01-13T22:36:02.929803500 | 1CCE01A8 | TRANSFER_IN | 101.0 | SUCCESS
2026-01-14T21:02:02.201223200 | C1901B5E | TRANSFER_OUT | 12.0 | FAILED | Self transfer not allowed
2026-01-14T21:02:57.382722700 | C1901B5E | TRANSFER_OUT | 101.0 | FAILED | Insufficient funds
2026-01-14T21:03:17.836513700 | ALERT | Account=C1901B5E | ALERT: Account balance is below minimum limit. Current Balance: 50.0
2026-01-14T21:03:17.844326300 | C1901B5E | TRANSFER_OUT | 50.0 | SUCCESS
2026-01-14T21:03:17.845428400 | 8777DC64 | TRANSFER_IN | 50.0 | SUCCESS
2026-01-15T22:18:33.643484500 | 8D490DDC | TRANSFER_OUT | 500.0 | SUCCESS
2026-01-15T22:18:33.649996800 | CBF40394 | TRANSFER_IN | 500.0 | SUCCESS
2026-01-16T20:17:06.257172700 | 87C77A98 | TRANSFER_OUT | 100.0 | SUCCESS
2026-01-16T20:17:06.263190700 | BD897880 | TRANSFER_IN | 100.0 | SUCCESS
2026-01-16T20:17:09.889229200 | 87C77A98 | TRANSFER_OUT | 100.0 | SUCCESS
2026-01-16T20:17:09.890238700 | BD897880 | TRANSFER_IN | 100.0 | SUCCESS
2026-01-16T20:17:11.443345500 | 87C77A98 | TRANSFER_OUT | 100.0 | SUCCESS
2026-01-16T20:17:11.445631200 | BD897880 | TRANSFER_IN | 100.0 | SUCCESS
2026-01-16T20:17:13.367166900 | 87C77A98 | TRANSFER_OUT | 100.0 | SUCCESS
2026-01-16T20:17:13.369182500 | BD897880 | TRANSFER_IN | 100.0 | SUCCESS
2026-01-16T20:17:14.730088700 | 87C77A98 | TRANSFER_OUT | 100.0 | SUCCESS
2026-01-16T20:17:14.731911200 | BD897880 | TRANSFER_IN | 100.0 | SUCCESS
2026-01-16T20:17:15.941944500 | 87C77A98 | TRANSFER_OUT | 100.0 | FAILED | Daily limit exceeded
2026-01-16T20:17:17.318138100 | 87C77A98 | TRANSFER_OUT | 100.0 | FAILED | Daily limit exceeded
2026-01-16T20:17:18.537328100 | 87C77A98 | TRANSFER_OUT | 100.0 | FAILED | Daily limit exceeded
2026-01-16T20:17:19.750193300 | 87C77A98 | TRANSFER_OUT | 100.0 | FAILED | Daily limit exceeded
2026-01-16T20:17:21.339279700 | 87C77A98 | TRANSFER_OUT | 100.0 | FAILED | Daily limit exceeded
2026-01-16T20:17:22.482611400 | 87C77A98 | TRANSFER_OUT | 100.0 | FAILED | Daily limit exceeded
2026-01-16T20:18:10.963701700 | BD897880 | TRANSFER_OUT | 100.0 | SUCCESS
2026-01-16T20:18:10.965599600 | 87C77A98 | TRANSFER_IN | 100.0 | SUCCESS
2026-01-16T20:18:18.364206400 | BD897880 | TRANSFER_OUT | 100.0 | SUCCESS
2026-01-16T20:18:18.365097 | 87C77A98 | TRANSFER_IN | 100.0 | SUCCESS
2026-01-16T20:18:19.690133300 | BD897880 | TRANSFER_OUT | 100.0 | SUCCESS
2026-01-16T20:18:19.691141400 | 87C77A98 | TRANSFER_IN | 100.0 | SUCCESS
2026-01-16T20:18:20.827437 | BD897880 | TRANSFER_OUT | 100.0 | SUCCESS
2026-01-16T20:18:20.828972 | 87C77A98 | TRANSFER_IN | 100.0 | SUCCESS
2026-01-16T20:18:23.744458800 | BD897880 | TRANSFER_OUT | 100.0 | SUCCESS
2026-01-16T20:18:23.745573400 | 87C77A98 | TRANSFER_IN | 100.0 | SUCCESS
